<?xml version="1.0" encoding="UTF-8"?>
<!-- Generated by org.testng.reporters.JUnitReportReporter -->
<testsuite hostname="DESKTOP-HABUA07" failures="0" tests="2" name="StepDefinitions.TestRunner" time="29.480" errors="0" timestamp="2022-05-17T10:49:52 CEST" skipped="0">
  <testcase classname="StepDefinitions.TestRunner" name="runScenario" time="13.048"/>
  <system-out/>
  <testcase classname="StepDefinitions.TestRunner" name="runScenario" time="16.432"/>
  <system-out/>
</testsuite> <!-- StepDefinitions.TestRunner -->
